<?xml version="1.0" encoding="UTF-8"?>
<coverage generated="1641559034681" clover="3.2.0">
  <project timestamp="1641559034681" name="All files">
    <metrics statements="13" coveredstatements="13" conditionals="2" coveredconditionals="2" methods="4" coveredmethods="4" elements="19" coveredelements="19" complexity="0" loc="13" ncloc="13" packages="1" files="1" classes="1"/>
    <file name="index.js" path="C:\Users\pujak\TA-JS-advanced-dom-and-test-TJaaan\block-BJaajc\code\index.js">
      <metrics statements="13" coveredstatements="13" conditionals="2" coveredconditionals="2" methods="4" coveredmethods="4"/>
      <line num="2" count="2" type="stmt"/>
      <line num="6" count="3" type="stmt"/>
      <line num="7" count="3" type="stmt"/>
      <line num="8" count="7" type="stmt"/>
      <line num="9" count="7" type="stmt"/>
      <line num="10" count="7" type="cond" truecount="2" falsecount="0"/>
      <line num="11" count="1" type="stmt"/>
      <line num="14" count="2" type="stmt"/>
      <line num="18" count="2" type="stmt"/>
      <line num="19" count="2" type="stmt"/>
      <line num="23" count="2" type="stmt"/>
      <line num="24" count="2" type="stmt"/>
      <line num="27" count="1" type="stmt"/>
    </file>
  </project>
</coverage>
